build/app/intermediates/manifest_merge_blame_file/release/processReleaseMainManifest/manifest-merger-blame-release-report.txt
1<?xml version="1.0" encoding="utf-8"?>
2<manifest xmlns:android="http://schemas.android.com/apk/res/android"
3    package="com.example.filtros_vision_app"
4    android:versionCode="1"
5    android:versionName="1.0.0" >
6
7    <uses-sdk
8        android:minSdkVersion="24"
9        android:targetSdkVersion="36" />
10
11    <uses-permission android:name="android.permission.INTERNET" />
11-->src\main\AndroidManifest.xml:2:5-66
11-->src\main\AndroidManifest.xml:2:22-64
12    <uses-permission android:name="android.permission.CAMERA" />
12-->src\main\AndroidManifest.xml:3:5-64
12-->src\main\AndroidManifest.xml:3:22-62
13    <uses-permission android:name="android.permission.READ_EXTERNAL_STORAGE" />
13-->src\main\AndroidManifest.xml:4:5-79
13-->src\main\AndroidManifest.xml:4:22-77
14    <uses-permission android:name="android.permission.WRITE_EXTERNAL_STORAGE" />
14-->src\main\AndroidManifest.xml:5:5-80
14-->src\main\AndroidManifest.xml:5:22-78
15    <uses-permission android:name="android.permission.READ_MEDIA_IMAGES" />
15-->src\main\AndroidManifest.xml:6:5-75
15-->src\main\AndroidManifest.xml:6:22-73
16
17    <queries>
17-->src\main\AndroidManifest.xml:36:5-45:15
18        <intent>
18-->src\main\AndroidManifest.xml:37:9-40:18
19            <action android:name="android.intent.action.VIEW" />
19-->src\main\AndroidManifest.xml:38:13-65
19-->src\main\AndroidManifest.xml:38:21-62
20
21            <data android:scheme="https" />
21-->src\main\AndroidManifest.xml:39:13-44
21-->src\main\AndroidManifest.xml:39:19-41
22        </intent>
23        <intent>
23-->src\main\AndroidManifest.xml:41:9-44:18
24            <action android:name="android.intent.action.VIEW" />
24-->src\main\AndroidManifest.xml:38:13-65
24-->src\main\AndroidManifest.xml:38:21-62
25
26            <data android:scheme="http" />
26-->src\main\AndroidManifest.xml:39:13-44
26-->src\main\AndroidManifest.xml:39:19-41
27        </intent>
28    </queries>
29
30    <permission
30-->[androidx.core:core:1.13.1] AndroidManifest.xml:22:5-24:47
31        android:name="com.example.filtros_vision_app.DYNAMIC_RECEIVER_NOT_EXPORTED_PERMISSION"
31-->[androidx.core:core:1.13.1] AndroidManifest.xml:23:9-81
32        android:protectionLevel="signature" />
32-->[androidx.core:core:1.13.1] AndroidManifest.xml:24:9-44
33
34    <uses-permission android:name="com.example.filtros_vision_app.DYNAMIC_RECEIVER_NOT_EXPORTED_PERMISSION" />
34-->[androidx.core:core:1.13.1] AndroidManifest.xml:26:5-97
34-->[androidx.core:core:1.13.1] AndroidManifest.xml:26:22-94
35
36    <application
37        android:name="android.app.Application"
37-->src\main\AndroidManifest.xml:10:9-42
38        android:appComponentFactory="androidx.core.app.CoreComponentFactory"
38-->[androidx.core:core:1.13.1] AndroidManifest.xml:28:18-86
39        android:extractNativeLibs="false"
40        android:icon="@mipmap/ic_launcher"
40-->src\main\AndroidManifest.xml:11:9-43
41        android:label="Filtros Vision"
41-->src\main\AndroidManifest.xml:9:9-39
42        android:requestLegacyExternalStorage="true"
42-->src\main\AndroidManifest.xml:13:9-52
43        android:usesCleartextTraffic="true" >
43-->src\main\AndroidManifest.xml:12:9-44
44        <activity
44-->src\main\AndroidManifest.xml:14:9-31:20
45            android:name="com.example.filtros_vision_app.MainActivity"
45-->src\main\AndroidManifest.xml:15:13-41
46            android:configChanges="orientation|keyboardHidden|keyboard|screenSize|smallestScreenSize|locale|layoutDirection|fontScale|screenLayout|density|uiMode"
46-->src\main\AndroidManifest.xml:20:13-163
47            android:exported="true"
47-->src\main\AndroidManifest.xml:16:13-36
48            android:hardwareAccelerated="true"
48-->src\main\AndroidManifest.xml:21:13-47
49            android:launchMode="singleTop"
49-->src\main\AndroidManifest.xml:17:13-43
50            android:taskAffinity=""
50-->src\main\AndroidManifest.xml:18:13-36
51            android:theme="@style/LaunchTheme"
51-->src\main\AndroidManifest.xml:19:13-47
52            android:windowSoftInputMode="adjustResize" >
52-->src\main\AndroidManifest.xml:22:13-55
53            <meta-data
53-->src\main\AndroidManifest.xml:23:13-26:17
54                android:name="io.flutter.embedding.android.NormalTheme"
54-->src\main\AndroidManifest.xml:24:15-70
55                android:resource="@style/NormalTheme" />
55-->src\main\AndroidManifest.xml:25:15-52
56
57            <intent-filter>
57-->src\main\AndroidManifest.xml:27:13-30:29
58                <action android:name="android.intent.action.MAIN" />
58-->src\main\AndroidManifest.xml:28:17-68
58-->src\main\AndroidManifest.xml:28:25-66
59
60                <category android:name="android.intent.category.LAUNCHER" />
60-->src\main\AndroidManifest.xml:29:17-76
60-->src\main\AndroidManifest.xml:29:27-74
61            </intent-filter>
62        </activity>
63
64        <meta-data
64-->src\main\AndroidManifest.xml:32:9-34:33
65            android:name="flutterEmbedding"
65-->src\main\AndroidManifest.xml:33:13-44
66            android:value="2" />
66-->src\main\AndroidManifest.xml:34:13-30
67
68        <provider
68-->[:image_picker_android] AndroidManifest.xml:9:9-17:20
69            android:name="io.flutter.plugins.imagepicker.ImagePickerFileProvider"
69-->[:image_picker_android] AndroidManifest.xml:10:13-82
70            android:authorities="com.example.filtros_vision_app.flutter.image_provider"
70-->[:image_picker_android] AndroidManifest.xml:11:13-74
71            android:exported="false"
71-->[:image_picker_android] AndroidManifest.xml:12:13-37
72            android:grantUriPermissions="true" >
72-->[:image_picker_android] AndroidManifest.xml:13:13-47
73            <meta-data
73-->[:image_picker_android] AndroidManifest.xml:14:13-16:75
74                android:name="android.support.FILE_PROVIDER_PATHS"
74-->[:image_picker_android] AndroidManifest.xml:15:17-67
75                android:resource="@xml/flutter_image_picker_file_paths" />
75-->[:image_picker_android] AndroidManifest.xml:16:17-72
76        </provider> <!-- Trigger Google Play services to install the backported photo picker module. -->
77        <service
77-->[:image_picker_android] AndroidManifest.xml:19:9-31:19
78            android:name="com.google.android.gms.metadata.ModuleDependencies"
78-->[:image_picker_android] AndroidManifest.xml:20:13-78
79            android:enabled="false"
79-->[:image_picker_android] AndroidManifest.xml:21:13-36
80            android:exported="false" >
80-->[:image_picker_android] AndroidManifest.xml:22:13-37
81            <intent-filter>
81-->[:image_picker_android] AndroidManifest.xml:24:13-26:29
82                <action android:name="com.google.android.gms.metadata.MODULE_DEPENDENCIES" />
82-->[:image_picker_android] AndroidManifest.xml:25:17-94
82-->[:image_picker_android] AndroidManifest.xml:25:25-91
83            </intent-filter>
84
85            <meta-data
85-->[:image_picker_android] AndroidManifest.xml:28:13-30:36
86                android:name="photopicker_activity:0:required"
86-->[:image_picker_android] AndroidManifest.xml:29:17-63
87                android:value="" />
87-->[:image_picker_android] AndroidManifest.xml:30:17-33
88        </service>
89
90        <uses-library
90-->[androidx.window:window:1.2.0] AndroidManifest.xml:23:9-25:40
91            android:name="androidx.window.extensions"
91-->[androidx.window:window:1.2.0] AndroidManifest.xml:24:13-54
92            android:required="false" />
92-->[androidx.window:window:1.2.0] AndroidManifest.xml:25:13-37
93        <uses-library
93-->[androidx.window:window:1.2.0] AndroidManifest.xml:26:9-28:40
94            android:name="androidx.window.sidecar"
94-->[androidx.window:window:1.2.0] AndroidManifest.xml:27:13-51
95            android:required="false" />
95-->[androidx.window:window:1.2.0] AndroidManifest.xml:28:13-37
96
97        <provider
97-->[androidx.lifecycle:lifecycle-process:2.7.0] AndroidManifest.xml:24:9-32:20
98            android:name="androidx.startup.InitializationProvider"
98-->[androidx.lifecycle:lifecycle-process:2.7.0] AndroidManifest.xml:25:13-67
99            android:authorities="com.example.filtros_vision_app.androidx-startup"
99-->[androidx.lifecycle:lifecycle-process:2.7.0] AndroidManifest.xml:26:13-68
100            android:exported="false" >
100-->[androidx.lifecycle:lifecycle-process:2.7.0] AndroidManifest.xml:27:13-37
101            <meta-data
101-->[androidx.lifecycle:lifecycle-process:2.7.0] AndroidManifest.xml:29:13-31:52
102                android:name="androidx.lifecycle.ProcessLifecycleInitializer"
102-->[androidx.lifecycle:lifecycle-process:2.7.0] AndroidManifest.xml:30:17-78
103                android:value="androidx.startup" />
103-->[androidx.lifecycle:lifecycle-process:2.7.0] AndroidManifest.xml:31:17-49
104            <meta-data
104-->[androidx.profileinstaller:profileinstaller:1.4.0] AndroidManifest.xml:29:13-31:52
105                android:name="androidx.profileinstaller.ProfileInstallerInitializer"
105-->[androidx.profileinstaller:profileinstaller:1.4.0] AndroidManifest.xml:30:17-85
106                android:value="androidx.startup" />
106-->[androidx.profileinstaller:profileinstaller:1.4.0] AndroidManifest.xml:31:17-49
107        </provider>
108
109        <receiver
109-->[androidx.profileinstaller:profileinstaller:1.4.0] AndroidManifest.xml:34:9-52:20
110            android:name="androidx.profileinstaller.ProfileInstallReceiver"
110-->[androidx.profileinstaller:profileinstaller:1.4.0] AndroidManifest.xml:35:13-76
111            android:directBootAware="false"
111-->[androidx.profileinstaller:profileinstaller:1.4.0] AndroidManifest.xml:36:13-44
112            android:enabled="true"
112-->[androidx.profileinstaller:profileinstaller:1.4.0] AndroidManifest.xml:37:13-35
113            android:exported="true"
113-->[androidx.profileinstaller:profileinstaller:1.4.0] AndroidManifest.xml:38:13-36
114            android:permission="android.permission.DUMP" >
114-->[androidx.profileinstaller:profileinstaller:1.4.0] AndroidManifest.xml:39:13-57
115            <intent-filter>
115-->[androidx.profileinstaller:profileinstaller:1.4.0] AndroidManifest.xml:40:13-42:29
116                <action android:name="androidx.profileinstaller.action.INSTALL_PROFILE" />
116-->[androidx.profileinstaller:profileinstaller:1.4.0] AndroidManifest.xml:41:17-91
116-->[androidx.profileinstaller:profileinstaller:1.4.0] AndroidManifest.xml:41:25-88
117            </intent-filter>
118            <intent-filter>
118-->[androidx.profileinstaller:profileinstaller:1.4.0] AndroidManifest.xml:43:13-45:29
119                <action android:name="androidx.profileinstaller.action.SKIP_FILE" />
119-->[androidx.profileinstaller:profileinstaller:1.4.0] AndroidManifest.xml:44:17-85
119-->[androidx.profileinstaller:profileinstaller:1.4.0] AndroidManifest.xml:44:25-82
120            </intent-filter>
121            <intent-filter>
121-->[androidx.profileinstaller:profileinstaller:1.4.0] AndroidManifest.xml:46:13-48:29
122                <action android:name="androidx.profileinstaller.action.SAVE_PROFILE" />
122-->[androidx.profileinstaller:profileinstaller:1.4.0] AndroidManifest.xml:47:17-88
122-->[androidx.profileinstaller:profileinstaller:1.4.0] AndroidManifest.xml:47:25-85
123            </intent-filter>
124            <intent-filter>
124-->[androidx.profileinstaller:profileinstaller:1.4.0] AndroidManifest.xml:49:13-51:29
125                <action android:name="androidx.profileinstaller.action.BENCHMARK_OPERATION" />
125-->[androidx.profileinstaller:profileinstaller:1.4.0] AndroidManifest.xml:50:17-95
125-->[androidx.profileinstaller:profileinstaller:1.4.0] AndroidManifest.xml:50:25-92
126            </intent-filter>
127        </receiver>
128    </application>
129
130</manifest>